<?xml version="1.0" encoding="utf-8"?><testsuites name="pytest tests"><testsuite name="pytest" errors="0" failures="0" skipped="0" tests="10" time="0.775" timestamp="2026-01-29T14:42:50.779566+00:00" hostname="agent-env-67e42115-039c-48fe-b056-27cf7f897813"><testcase classname="tests.test_codigos_homologados.TestCodigosHomologadosStats" name="test_get_stats_success" time="0.343" /><testcase classname="tests.test_codigos_homologados.TestCodigosHomologadosStats" name="test_stats_contains_abrego" time="0.050" /><testcase classname="tests.test_codigos_homologados.TestCodigosHomologadosStats" name="test_stats_without_auth_fails" time="0.042" /><testcase classname="tests.test_codigos_homologados.TestSiguienteCodigoHomologado" name="test_get_siguiente_codigo_abrego" time="0.049" /><testcase classname="tests.test_codigos_homologados.TestSiguienteCodigoHomologado" name="test_get_siguiente_codigo_nonexistent_municipio" time="0.039" /><testcase classname="tests.test_codigos_homologados.TestSiguienteCodigoHomologado" name="test_siguiente_codigo_without_auth_fails" time="0.035" /><testcase classname="tests.test_codigos_homologados.TestCodigosDisponibles" name="test_get_codigos_disponibles_abrego" time="0.040" /><testcase classname="tests.test_codigos_homologados.TestCargarCodigosHomologados" name="test_cargar_requires_auth" time="0.037" /><testcase classname="tests.test_codigos_homologados.TestCargarCodigosHomologados" name="test_cargar_requires_file" time="0.034" /><testcase classname="tests.test_codigos_homologados.TestCargarCodigosHomologados" name="test_cargar_rejects_non_excel" time="0.040" /></testsuite></testsuites>