<?xml version="1.0" encoding="utf-8"?><testsuites name="pytest tests"><testsuite name="pytest" errors="0" failures="2" skipped="2" tests="11" time="6.618" timestamp="2026-02-02T21:02:54.646060+00:00" hostname="agent-env-93332c29-a082-47f3-bcef-23ccc954e7de"><testcase classname="backend.tests.test_bug_fixes_iteration25.TestAuthentication" name="test_admin_login" time="0.340" /><testcase classname="backend.tests.test_bug_fixes_iteration25.TestAuthentication" name="test_coordinador_login" time="0.272"><failure message="AssertionError: Coordinador login failed: {&quot;detail&quot;:&quot;Credenciales inválidas&quot;}&#10;assert 401 == 200&#10; +  where 401 = &lt;Response [401]&gt;.status_code">backend/tests/test_bug_fixes_iteration25.py:40: in test_coordinador_login
    assert response.status_code == 200, f"Coordinador login failed: {response.text}"
E   AssertionError: Coordinador login failed: {"detail":"Credenciales inválidas"}
E   assert 401 == 200
E    +  where 401 = &lt;Response [401]&gt;.status_code</failure></testcase><testcase classname="backend.tests.test_bug_fixes_iteration25.TestVincularRadicadoEndpoint" name="test_vincular_radicado_endpoint_exists" time="0.312"><skipped type="pytest.skip" message="No cambios pendientes to test vincular-radicado">/app/backend/tests/test_bug_fixes_iteration25.py:73: No cambios pendientes to test vincular-radicado</skipped></testcase><testcase classname="backend.tests.test_bug_fixes_iteration25.TestVincularRadicadoEndpoint" name="test_vincular_radicado_with_valid_data" time="0.789"><skipped type="pytest.skip" message="No cambios pendientes available">/app/backend/tests/test_bug_fixes_iteration25.py:104: No cambios pendientes available</skipped></testcase><testcase classname="backend.tests.test_bug_fixes_iteration25.TestPendientesData" name="test_cambios_pendientes_have_required_fields" time="0.316" /><testcase classname="backend.tests.test_bug_fixes_iteration25.TestPendientesData" name="test_predios_nuevos_have_required_fields" time="0.310"><failure message="TypeError: unhashable type: 'slice'">backend/tests/test_bug_fixes_iteration25.py:204: in test_predios_nuevos_have_required_fields
    for predio in predios[:5]:  # Check first 5
                  ^^^^^^^^^^^
E   TypeError: unhashable type: 'slice'</failure></testcase><testcase classname="backend.tests.test_bug_fixes_iteration25.TestPendientesData" name="test_cambios_stats_endpoint" time="0.312" /><testcase classname="backend.tests.test_bug_fixes_iteration25.TestCertificadoGeneration" name="test_get_petitions_with_tipo_tramite" time="0.740" /><testcase classname="backend.tests.test_bug_fixes_iteration25.TestPetitionsEndpoints" name="test_petitions_list" time="0.741" /><testcase classname="backend.tests.test_bug_fixes_iteration25.TestPetitionsEndpoints" name="test_petition_detail" time="0.741" /><testcase classname="backend.tests.test_bug_fixes_iteration25.TestHistorialEndpoint" name="test_historial_endpoint" time="1.445" /></testsuite></testsuites>