<?xml version="1.0" encoding="utf-8"?><testsuites name="pytest tests"><testsuite name="pytest" errors="0" failures="0" skipped="3" tests="11" time="8.344" timestamp="2026-02-02T21:03:36.371830+00:00" hostname="agent-env-93332c29-a082-47f3-bcef-23ccc954e7de"><testcase classname="backend.tests.test_bug_fixes_iteration25.TestAuthentication" name="test_admin_login" time="2.307" /><testcase classname="backend.tests.test_bug_fixes_iteration25.TestAuthentication" name="test_coordinador_login" time="0.262"><skipped type="pytest.skip" message="Coordinador credential not available">/app/backend/tests/test_bug_fixes_iteration25.py:43: Coordinador credential not available</skipped></testcase><testcase classname="backend.tests.test_bug_fixes_iteration25.TestVincularRadicadoEndpoint" name="test_vincular_radicado_endpoint_exists" time="0.308"><skipped type="pytest.skip" message="No cambios pendientes to test vincular-radicado">/app/backend/tests/test_bug_fixes_iteration25.py:76: No cambios pendientes to test vincular-radicado</skipped></testcase><testcase classname="backend.tests.test_bug_fixes_iteration25.TestVincularRadicadoEndpoint" name="test_vincular_radicado_with_valid_data" time="0.800"><skipped type="pytest.skip" message="No cambios pendientes available">/app/backend/tests/test_bug_fixes_iteration25.py:107: No cambios pendientes available</skipped></testcase><testcase classname="backend.tests.test_bug_fixes_iteration25.TestPendientesData" name="test_cambios_pendientes_have_required_fields" time="0.309" /><testcase classname="backend.tests.test_bug_fixes_iteration25.TestPendientesData" name="test_predios_nuevos_have_required_fields" time="0.306" /><testcase classname="backend.tests.test_bug_fixes_iteration25.TestPendientesData" name="test_cambios_stats_endpoint" time="0.307" /><testcase classname="backend.tests.test_bug_fixes_iteration25.TestCertificadoGeneration" name="test_get_petitions_with_tipo_tramite" time="0.724" /><testcase classname="backend.tests.test_bug_fixes_iteration25.TestPetitionsEndpoints" name="test_petitions_list" time="0.749" /><testcase classname="backend.tests.test_bug_fixes_iteration25.TestPetitionsEndpoints" name="test_petition_detail" time="0.762" /><testcase classname="backend.tests.test_bug_fixes_iteration25.TestHistorialEndpoint" name="test_historial_endpoint" time="1.435" /></testsuite></testsuites>