<?xml version="1.0" encoding="utf-8"?><testsuites name="pytest tests"><testsuite name="pytest" errors="0" failures="0" skipped="2" tests="10" time="2.891" timestamp="2026-02-05T04:46:20.306666+00:00" hostname="agent-env-b9ba003d-6a14-4957-895a-65cf0fe6c480"><testcase classname="backend.tests.test_edit_predio_nuevo_modal.TestEditPredioNuevoModal" name="test_get_predios_nuevos_list" time="0.339" /><testcase classname="backend.tests.test_edit_predio_nuevo_modal.TestEditPredioNuevoModal" name="test_get_predio_nuevo_by_id" time="0.301" /><testcase classname="backend.tests.test_edit_predio_nuevo_modal.TestEditPredioNuevoModal" name="test_patch_predio_nuevo_basic_fields" time="0.292" /><testcase classname="backend.tests.test_edit_predio_nuevo_modal.TestEditPredioNuevoModal" name="test_patch_predio_nuevo_r1_fields" time="0.292" /><testcase classname="backend.tests.test_edit_predio_nuevo_modal.TestEditPredioNuevoModal" name="test_patch_predio_nuevo_r2_fields" time="0.283" /><testcase classname="backend.tests.test_edit_predio_nuevo_modal.TestEditPredioNuevoModal" name="test_patch_predio_nuevo_propietarios" time="0.322" /><testcase classname="backend.tests.test_edit_predio_nuevo_modal.TestEditPredioNuevoModal" name="test_patch_predio_nuevo_historial_updated" time="0.300" /><testcase classname="backend.tests.test_edit_predio_nuevo_modal.TestEditPredioNuevoModal" name="test_patch_predio_nuevo_protected_fields" time="0.286" /><testcase classname="backend.tests.test_edit_predio_nuevo_modal.TestEditPredioNuevoModal" name="test_patch_predio_nuevo_non_editable_state_fails" time="0.293"><skipped type="pytest.skip" message="No non-editable predios found to test">/app/backend/tests/test_edit_predio_nuevo_modal.py:438: No non-editable predios found to test</skipped></testcase><testcase classname="backend.tests.test_edit_predio_nuevo_modal.TestEditPredioNuevoPermissions" name="test_usuario_cannot_edit_predio_nuevo" time="0.038"><skipped type="pytest.skip" message="No regular user available for testing">/app/backend/tests/test_edit_predio_nuevo_modal.py:476: No regular user available for testing</skipped></testcase></testsuite></testsuites>