<?xml version="1.0" encoding="utf-8"?><testsuites name="pytest tests"><testsuite name="pytest" errors="0" failures="0" skipped="0" tests="13" time="1.279" timestamp="2026-03-06T23:58:09.879066+00:00" hostname="agent-env-55c2eb9c-de47-4906-91a9-80b79e2642aa"><testcase classname="tests.test_r1_r2_resolucion_data.TestHealthEndpoint" name="test_health_check" time="0.140" /><testcase classname="tests.test_r1_r2_resolucion_data.TestObtenerDatosR1R2Function" name="test_function_exists_and_returns_correct_structure" time="0.007" /><testcase classname="tests.test_r1_r2_resolucion_data.TestObtenerDatosR1R2Function" name="test_function_prioritizes_r1_r2_data" time="0.000" /><testcase classname="tests.test_r1_r2_resolucion_data.TestPDFGeneratorsR1R2Functions" name="test_m2_generator_has_function" time="0.000" /><testcase classname="tests.test_r1_r2_resolucion_data.TestPDFGeneratorsR1R2Functions" name="test_m3_generator_has_function" time="0.000" /><testcase classname="tests.test_r1_r2_resolucion_data.TestPDFGeneratorsR1R2Functions" name="test_m4_generator_has_function" time="0.000" /><testcase classname="tests.test_r1_r2_resolucion_data.TestPDFGeneratorsR1R2Functions" name="test_m5_generator_has_function" time="0.000" /><testcase classname="tests.test_r1_r2_resolucion_data.TestGenerarResolucionManualEndpoint" name="test_endpoint_exists" time="0.111" /><testcase classname="tests.test_r1_r2_resolucion_data.TestGenerarResolucionManualEndpoint" name="test_endpoint_validates_predio_id" time="0.564" /><testcase classname="tests.test_r1_r2_resolucion_data.TestServerPyFunctionIntegration" name="test_generar_resolucion_manual_uses_r1_r2_function" time="0.007" /><testcase classname="tests.test_r1_r2_resolucion_data.TestServerPyFunctionIntegration" name="test_cancelacion_uses_r1_r2_data" time="0.007" /><testcase classname="tests.test_r1_r2_resolucion_data.TestServerPyFunctionIntegration" name="test_inscripcion_uses_r1_r2_data" time="0.007" /><testcase classname="tests.test_r1_r2_resolucion_data.TestServerPyM1AprobationEndpoint" name="test_m1_aprobar_endpoint_exists_or_handled" time="0.366" /></testsuite></testsuites>