<?xml version="1.0" encoding="utf-8"?><testsuites name="pytest tests"><testsuite name="pytest" errors="0" failures="0" skipped="0" tests="9" time="3.437" timestamp="2026-03-03T03:48:24.685664+00:00" hostname="agent-env-eaa5dc4a-aadc-4952-8a5b-97f1d6b593fc"><testcase classname="backend.tests.test_resoluciones_configuracion.TestConfiguracionEndpoints" name="test_get_configuracion_success" time="0.613" /><testcase classname="backend.tests.test_resoluciones_configuracion.TestConfiguracionEndpoints" name="test_get_configuracion_denied_unauthenticated" time="0.167" /><testcase classname="backend.tests.test_resoluciones_configuracion.TestConfiguracionEndpoints" name="test_get_configuracion_denied_coordinador" time="0.531" /><testcase classname="backend.tests.test_resoluciones_configuracion.TestConfiguracionEndpoints" name="test_put_configuracion_success" time="0.386" /><testcase classname="backend.tests.test_resoluciones_configuracion.TestConfiguracionEndpoints" name="test_put_configuracion_denied_coordinador" time="0.154" /><testcase classname="backend.tests.test_resoluciones_configuracion.TestSiguienteNumeroEndpoint" name="test_siguiente_numero_abrego" time="0.540" /><testcase classname="backend.tests.test_resoluciones_configuracion.TestSiguienteNumeroEndpoint" name="test_siguiente_numero_ocana" time="0.111" /><testcase classname="backend.tests.test_resoluciones_configuracion.TestSiguienteNumeroEndpoint" name="test_siguiente_numero_convencion" time="0.111" /><testcase classname="backend.tests.test_resoluciones_configuracion.TestIntegration" name="test_full_configuration_flow" time="0.754" /></testsuite></testsuites>