<?xml version="1.0" encoding="utf-8"?><testsuites name="pytest tests"><testsuite name="pytest" errors="0" failures="0" skipped="0" tests="15" time="8.781" timestamp="2026-02-05T17:43:18.858578+00:00" hostname="agent-env-8728116c-70a3-4bd4-9cca-d48e954e2548"><testcase classname="backend.tests.test_r2_refactor.TestR2RefactorBackend" name="test_01_backend_root" time="0.073" /><testcase classname="backend.tests.test_r2_refactor.TestR2RefactorBackend" name="test_02_coordinador_login" time="0.274" /><testcase classname="backend.tests.test_r2_refactor.TestR2RefactorBackend" name="test_03_admin_login" time="0.307" /><testcase classname="backend.tests.test_r2_refactor.TestR2RefactorBackend" name="test_04_get_predios_san_calixto" time="0.412" /><testcase classname="backend.tests.test_r2_refactor.TestR2RefactorBackend" name="test_05_get_catalogos" time="0.311" /><testcase classname="backend.tests.test_r2_refactor.TestR2RefactorBackend" name="test_06_export_excel_tramites" time="0.899" /><testcase classname="backend.tests.test_r2_refactor.TestR2RefactorBackend" name="test_07_export_excel_predios" time="2.132" /><testcase classname="backend.tests.test_r2_refactor.TestR2RefactorBackend" name="test_08_get_estructura_codigo" time="0.389" /><testcase classname="backend.tests.test_r2_refactor.TestR2RefactorBackend" name="test_09_get_gestores_disponibles" time="0.371" /><testcase classname="backend.tests.test_r2_refactor.TestR2RefactorBackend" name="test_10_get_petitions" time="0.844" /><testcase classname="backend.tests.test_r2_refactor.TestR2RefactorBackend" name="test_11_get_predios_nuevos" time="0.318" /><testcase classname="backend.tests.test_r2_refactor.TestR2RefactorBackend" name="test_12_verify_predio_structure_with_zonas_construcciones" time="0.386" /><testcase classname="backend.tests.test_r2_refactor.TestR2RefactorBackend" name="test_13_verify_predios_nuevos_structure" time="0.330" /><testcase classname="backend.tests.test_r2_refactor.TestR2RefactorBackend" name="test_14_get_vigencias" time="0.614" /><testcase classname="backend.tests.test_r2_refactor.TestR2RefactorBackend" name="test_15_get_predios_stats" time="1.037" /></testsuite></testsuites>