<?xml version="1.0" encoding="utf-8"?><testsuites name="pytest tests"><testsuite name="pytest" errors="0" failures="1" skipped="0" tests="3" time="3.808" timestamp="2026-02-03T21:46:32.849744+00:00" hostname="agent-env-cf6f2264-dad0-4adb-a9eb-384fd7d150b4"><testcase classname="backend.tests.test_r2_bug_fix.TestR2BugFix" name="test_login_success" time="0.313" /><testcase classname="backend.tests.test_r2_bug_fix.TestR2BugFix" name="test_get_predios_list" time="0.544" /><testcase classname="backend.tests.test_r2_bug_fix.TestR2BugFix" name="test_r2_bug_fix_conversion" time="2.742"><failure message="AssertionError: Expected area_terreno 35513.8, got 97000.0&#10;assert 97000.0 == 35513.8">backend/tests/test_r2_bug_fix.py:168: in test_r2_bug_fix_conversion
    assert actual_area == test_area_terreno, \
E   AssertionError: Expected area_terreno 35513.8, got 97000.0
E   assert 97000.0 == 35513.8</failure></testcase></testsuite></testsuites>