<?xml version="1.0" encoding="utf-8"?><testsuites name="pytest tests"><testsuite name="pytest" errors="0" failures="0" skipped="0" tests="9" time="2.733" timestamp="2026-02-04T16:43:39.989785+00:00" hostname="agent-env-1679d105-aa66-480e-85b9-054c52a0554b"><testcase classname="backend.tests.test_bug_fixes_iteration28.TestBugFixes" name="test_bug1_gestor_creates_petition" time="0.762" /><testcase classname="backend.tests.test_bug_fixes_iteration28.TestBugFixes" name="test_bug1_gestor_cannot_view_others_petition" time="0.450" /><testcase classname="backend.tests.test_bug_fixes_iteration28.TestBugFixes" name="test_bug1_gestor_can_view_assigned_petition" time="0.159" /><testcase classname="backend.tests.test_bug_fixes_iteration28.TestBugFixes" name="test_bug2_get_predios_nuevos_assigned_to_marcelino" time="0.076" /><testcase classname="backend.tests.test_bug_fixes_iteration28.TestBugFixes" name="test_bug2_get_single_predio_nuevo" time="0.110" /><testcase classname="backend.tests.test_bug_fixes_iteration28.TestBugFixes" name="test_bug2_create_predio_nuevo_for_marcelino" time="0.254" /><testcase classname="backend.tests.test_bug_fixes_iteration28.TestBugFixes" name="test_bug2_marcelino_can_access_assigned_predio" time="0.298" /><testcase classname="backend.tests.test_bug_fixes_iteration28.TestPrediosNuevosEndpoint" name="test_predios_nuevos_list_endpoint" time="0.333" /><testcase classname="backend.tests.test_bug_fixes_iteration28.TestPrediosNuevosEndpoint" name="test_predios_nuevos_single_endpoint" time="0.113" /></testsuite></testsuites>