<?xml version="1.0" encoding="utf-8"?><testsuites name="pytest tests"><testsuite name="pytest" errors="0" failures="0" skipped="0" tests="8" time="4.112" timestamp="2026-02-10T15:41:16.052498+00:00" hostname="agent-env-a156eebf-b2e4-42d2-aa55-f9a61f2550d9"><testcase classname="backend.tests.test_actualizacion_conservacion_flow.TestResumenFinalizacion" name="test_resumen_finalizacion_returns_200" time="0.348" /><testcase classname="backend.tests.test_actualizacion_conservacion_flow.TestResumenFinalizacion" name="test_resumen_finalizacion_structure" time="0.029" /><testcase classname="backend.tests.test_actualizacion_conservacion_flow.TestResumenFinalizacion" name="test_resumen_counts_predios_nuevos" time="0.024" /><testcase classname="backend.tests.test_actualizacion_conservacion_flow.TestResumenFinalizacion" name="test_resumen_validaciones" time="0.065" /><testcase classname="backend.tests.test_actualizacion_conservacion_flow.TestCrearPredioNuevo" name="test_crear_predio_nuevo_success" time="0.068" /><testcase classname="backend.tests.test_actualizacion_conservacion_flow.TestCrearPredioNuevo" name="test_crear_predio_nuevo_sets_es_nuevo_flag" time="3.384" /><testcase classname="backend.tests.test_actualizacion_conservacion_flow.TestCrearPredioNuevo" name="test_crear_predio_nuevo_duplicate_fails" time="0.019" /><testcase classname="backend.tests.test_actualizacion_conservacion_flow.TestPrediosNuevosIntegration" name="test_resumen_updates_after_creating_predio" time="0.116" /></testsuite></testsuites>