<?xml version="1.0" encoding="utf-8"?><testsuites name="pytest tests"><testsuite name="pytest" errors="0" failures="0" skipped="0" tests="11" time="4.404" timestamp="2026-01-19T05:03:12.874041+00:00" hostname="agent-env-94593927-7d41-45ff-bf6a-0282d4b3f046"><testcase classname="tests.test_actualizacion_features.TestActualizacionFeatures" name="test_admin_login" time="0.283" /><testcase classname="tests.test_actualizacion_features.TestActualizacionFeatures" name="test_get_proyectos_actualizacion" time="0.273" /><testcase classname="tests.test_actualizacion_features.TestActualizacionFeatures" name="test_get_municipios_disponibles" time="0.284" /><testcase classname="tests.test_actualizacion_features.TestActualizacionFeatures" name="test_create_proyecto_actualizacion" time="0.343" /><testcase classname="tests.test_actualizacion_features.TestActualizacionFeatures" name="test_proyecto_estadisticas" time="0.282" /><testcase classname="tests.test_actualizacion_features.TestActualizacionFeatures" name="test_delete_proyecto_endpoint_exists" time="0.384" /><testcase classname="tests.test_actualizacion_features.TestActualizacionFeatures" name="test_descargar_info_alfanumerica_endpoint" time="0.286" /><testcase classname="tests.test_actualizacion_features.TestActualizacionFeatures" name="test_predios_filter_tiene_geometria" time="1.137" /><testcase classname="tests.test_actualizacion_features.TestActualizacionFeatures" name="test_gdb_geometrias_disponibles" time="0.364" /><testcase classname="tests.test_actualizacion_features.TestActualizacionFeatures" name="test_cleanup_test_proyecto" time="0.364" /><testcase classname="tests.test_actualizacion_features.TestUserRolePermissions" name="test_admin_role_is_administrador" time="0.271" /></testsuite></testsuites>