<?xml version="1.0" encoding="utf-8"?><testsuites name="pytest tests"><testsuite name="pytest" errors="0" failures="0" skipped="0" tests="15" time="1.848" timestamp="2026-01-30T03:24:30.136673+00:00" hostname="agent-env-0db98b18-5009-4c2c-8f81-48b07b86a4f3"><testcase classname="backend.tests.test_database_backup.TestDatabaseStatus" name="test_get_database_status_success" time="0.551" /><testcase classname="backend.tests.test_database_backup.TestDatabaseStatus" name="test_get_database_status_without_auth" time="0.042" /><testcase classname="backend.tests.test_database_backup.TestDatabaseStatus" name="test_database_status_contains_collections_info" time="0.258" /><testcase classname="backend.tests.test_database_backup.TestBackupHistory" name="test_get_backup_history_success" time="0.037" /><testcase classname="backend.tests.test_database_backup.TestBackupHistory" name="test_get_backup_history_without_auth" time="0.046" /><testcase classname="backend.tests.test_database_backup.TestCreateSelectiveBackup" name="test_create_selective_backup_success" time="0.056" /><testcase classname="backend.tests.test_database_backup.TestCreateSelectiveBackup" name="test_poll_backup_status" time="0.065" /><testcase classname="backend.tests.test_database_backup.TestCreateSelectiveBackup" name="test_create_backup_without_auth" time="0.044" /><testcase classname="backend.tests.test_database_backup.TestCreateSelectiveBackup" name="test_create_backup_empty_collections" time="0.051" /><testcase classname="backend.tests.test_database_backup.TestBackupOperations" name="test_preview_backup" time="0.098" /><testcase classname="backend.tests.test_database_backup.TestBackupOperations" name="test_download_backup" time="0.106" /><testcase classname="backend.tests.test_database_backup.TestBackupOperations" name="test_preview_nonexistent_backup" time="0.053" /><testcase classname="backend.tests.test_database_backup.TestBackupOperations" name="test_download_nonexistent_backup" time="0.042" /><testcase classname="backend.tests.test_database_backup.TestPermissions" name="test_database_status_requires_admin_or_coordinator" time="0.238" /><testcase classname="backend.tests.test_database_backup.TestPermissions" name="test_delete_backup_requires_admin" time="0.095" /></testsuite></testsuites>