<?xml version="1.0" encoding="utf-8"?><testsuites name="pytest tests"><testsuite name="pytest" errors="0" failures="0" skipped="0" tests="12" time="8.685" timestamp="2026-03-05T04:31:10.429042+00:00" hostname="agent-env-b64cbbea-c66c-4864-aa87-03a60a455bf6"><testcase classname="backend.tests.test_m2_pdf_viewer_and_predios.TestResolucionesM2" name="test_01_health_check" time="0.618" /><testcase classname="backend.tests.test_m2_pdf_viewer_and_predios.TestResolucionesM2" name="test_02_historial_resoluciones_endpoint" time="0.512" /><testcase classname="backend.tests.test_m2_pdf_viewer_and_predios.TestResolucionesM2" name="test_03_historial_has_m2_resoluciones" time="0.512" /><testcase classname="backend.tests.test_m2_pdf_viewer_and_predios.TestResolucionesM2" name="test_04_resoluciones_have_pdf_path" time="0.517" /><testcase classname="backend.tests.test_m2_pdf_viewer_and_predios.TestResolucionesM2" name="test_05_pdf_file_accessible" time="0.586" /><testcase classname="backend.tests.test_m2_pdf_viewer_and_predios.TestResolucionesM2" name="test_06_finalizar_y_enviar_endpoint_exists" time="0.452" /><testcase classname="backend.tests.test_m2_pdf_viewer_and_predios.TestResolucionesM2" name="test_07_finalizar_y_enviar_requires_auth" time="0.480" /><testcase classname="backend.tests.test_m2_pdf_viewer_and_predios.TestPrediosM2" name="test_08_predios_with_status_aprobado_exist" time="1.049" /><testcase classname="backend.tests.test_m2_pdf_viewer_and_predios.TestPrediosM2" name="test_09_m2_predio_searchable_by_codigo" time="1.493" /><testcase classname="backend.tests.test_m2_pdf_viewer_and_predios.TestPrediosM2" name="test_10_m2_predio_has_correct_data_structure" time="1.312" /><testcase classname="backend.tests.test_m2_pdf_viewer_and_predios.TestPDFViewerIntegration" name="test_11_resolution_pdf_includes_verification_code" time="0.469" /><testcase classname="backend.tests.test_m2_pdf_viewer_and_predios.TestPDFViewerIntegration" name="test_12_resolution_pdf_path_format_correct" time="0.453" /></testsuite></testsuites>