<?xml version="1.0" encoding="utf-8"?><testsuites name="pytest tests"><testsuite name="pytest" errors="0" failures="5" skipped="4" tests="12" time="4.528" timestamp="2026-03-05T14:14:54.866096+00:00" hostname="agent-env-dba410d4-b884-4e89-9c5f-69bb8bc24c69"><testcase classname="backend.tests.test_m3_mutaciones.TestM3Backend" name="test_01_health_check" time="0.232" /><testcase classname="backend.tests.test_m3_mutaciones.TestM3Backend" name="test_02_admin_login" time="0.334"><failure message="AssertionError: assert 'access_token' in {'token': 'eyJhbGciOiJIUzI1NiIsInR5cCI6IkpXVCJ9.eyJ1c2VyX2lkIjoiYzhiMzBkMjktOTEyNy00ZTE5LWFjNTgtMzdiMGNhYzlmYzg5IiwiZW1haWwiOiJjYXRhc3Ryb0Bhc29tdW5pY2lwaW9zLmdvdi5jbyIsInJvbGUiOiJhZG1pbmlzdHJhZG9yIiwiZXhwIjoxNzcyODA2NDk1fQ.hotMuAh5RIiBBclFVrHdr3J28L7Ibd8epsmcom0yi8w', 'user': {'email': 'catastro@asomunicipios.gov.co', 'full_name': 'Administrador Catastro', 'id': 'c8b30d29-9127-4e19-ac58-37b0cac9fc89', 'permissions': [], ...}}">backend/tests/test_m3_mutaciones.py:68: in test_02_admin_login
    assert "access_token" in data
E   AssertionError: assert 'access_token' in {'token': 'eyJhbGciOiJIUzI1NiIsInR5cCI6IkpXVCJ9.eyJ1c2VyX2lkIjoiYzhiMzBkMjktOTEyNy00ZTE5LWFjNTgtMzdiMGNhYzlmYzg5IiwiZW1haWwiOiJjYXRhc3Ryb0Bhc29tdW5pY2lwaW9zLmdvdi5jbyIsInJvbGUiOiJhZG1pbmlzdHJhZG9yIiwiZXhwIjoxNzcyODA2NDk1fQ.hotMuAh5RIiBBclFVrHdr3J28L7Ibd8epsmcom0yi8w', 'user': {'email': 'catastro@asomunicipios.gov.co', 'full_name': 'Administrador Catastro', 'id': 'c8b30d29-9127-4e19-ac58-37b0cac9fc89', 'permissions': [], ...}}</failure></testcase><testcase classname="backend.tests.test_m3_mutaciones.TestM3Backend" name="test_03_generar_m3_requires_auth" time="0.143" /><testcase classname="backend.tests.test_m3_mutaciones.TestM3Backend" name="test_04_generar_m3_validates_required_fields" time="0.391"><failure message="AssertionError: Expected 400/422, got 401&#10;assert 401 in [400, 422]&#10; +  where 401 = &lt;Response [401]&gt;.status_code">backend/tests/test_m3_mutaciones.py:87: in test_04_generar_m3_validates_required_fields
    assert response.status_code in [400, 422], f"Expected 400/422, got {response.status_code}"
E   AssertionError: Expected 400/422, got 401
E   assert 401 in [400, 422]
E    +  where 401 = &lt;Response [401]&gt;.status_code</failure></testcase><testcase classname="backend.tests.test_m3_mutaciones.TestM3Backend" name="test_05_search_predios_for_m3" time="0.439"><failure message="assert 401 == 200&#10; +  where 401 = &lt;Response [401]&gt;.status_code">backend/tests/test_m3_mutaciones.py:112: in test_05_search_predios_for_m3
    assert response.status_code == 200
E   assert 401 == 200
E    +  where 401 = &lt;Response [401]&gt;.status_code</failure></testcase><testcase classname="backend.tests.test_m3_mutaciones.TestM3Backend" name="test_06_generar_m3_cambio_destino_missing_destino_nuevo" time="0.407"><skipped type="pytest.skip" message="No predios available for testing">/app/backend/tests/test_m3_mutaciones.py:127: No predios available for testing</skipped></testcase><testcase classname="backend.tests.test_m3_mutaciones.TestM3Backend" name="test_07_generar_m3_incorporacion_missing_construcciones" time="0.394"><skipped type="pytest.skip" message="No predios available for testing">/app/backend/tests/test_m3_mutaciones.py:157: No predios available for testing</skipped></testcase><testcase classname="backend.tests.test_m3_mutaciones.TestM3Backend" name="test_08_generar_m3_predio_not_found" time="0.438"><failure message="AssertionError: Expected 404, got 401&#10;assert 401 == 404&#10; +  where 401 = &lt;Response [401]&gt;.status_code">backend/tests/test_m3_mutaciones.py:192: in test_08_generar_m3_predio_not_found
    assert response.status_code == 404, f"Expected 404, got {response.status_code}"
E   AssertionError: Expected 404, got 401
E   assert 401 == 404
E    +  where 401 = &lt;Response [401]&gt;.status_code</failure></testcase><testcase classname="backend.tests.test_m3_mutaciones.TestM3Backend" name="test_09_resoluciones_historial_includes_m3_type" time="0.434"><failure message="assert 401 == 200&#10; +  where 401 = &lt;Response [401]&gt;.status_code">backend/tests/test_m3_mutaciones.py:201: in test_09_resoluciones_historial_includes_m3_type
    assert response.status_code == 200
E   assert 401 == 200
E    +  where 401 = &lt;Response [401]&gt;.status_code</failure></testcase><testcase classname="backend.tests.test_m3_mutaciones.TestM3Backend" name="test_10_tipos_mutacion_includes_m3" time="0.335" /><testcase classname="backend.tests.test_m3_mutaciones.TestM3Backend" name="test_11_generar_m3_cambio_destino_full_flow" time="0.442"><skipped type="pytest.skip" message="Cannot fetch predios">/app/backend/tests/test_m3_mutaciones.py:224: Cannot fetch predios</skipped></testcase><testcase classname="backend.tests.test_m3_mutaciones.TestM3Backend" name="test_12_generar_m3_incorporacion_construccion_full_flow" time="0.382"><skipped type="pytest.skip" message="No predios available">/app/backend/tests/test_m3_mutaciones.py:279: No predios available</skipped></testcase></testsuite></testsuites>