<?xml version="1.0" encoding="utf-8"?><testsuites name="pytest tests"><testsuite name="pytest" errors="1" failures="0" skipped="0" tests="1" time="0.179" timestamp="2026-01-31T16:25:40.696210+00:00" hostname="agent-env-67271242-1e3b-4c03-9571-1a1eebe20504"><testcase classname="" name="backend.tests.test_websocket_historial" time="0.000"><error message="collection failure">ImportError while importing test module '/app/backend/tests/test_websocket_historial.py'.
Hint: make sure your test modules/packages have valid Python names.
Traceback:
/usr/local/lib/python3.11/importlib/__init__.py:126: in import_module
    return _bootstrap._gcd_import(name[level:], package, level)
           ^^^^^^^^^^^^^^^^^^^^^^^^^^^^^^^^^^^^^^^^^^^^^^^^^^^^
backend/tests/test_websocket_historial.py:12: in &lt;module&gt;
    import websocket
E   ModuleNotFoundError: No module named 'websocket'</error></testcase></testsuite></testsuites>