<?xml version="1.0" encoding="utf-8"?><testsuites name="pytest tests"><testsuite name="pytest" errors="0" failures="0" skipped="0" tests="7" time="11.716" timestamp="2026-02-21T16:35:32.378783+00:00" hostname="agent-env-6eebffac-f6a8-4a85-868f-3259274f25ab"><testcase classname="backend.tests.test_export_excel_r1r2.TestExportExcelR1R2" name="test_login_success" time="0.416" /><testcase classname="backend.tests.test_export_excel_r1r2.TestExportExcelR1R2" name="test_export_excel_complete_returns_valid_excel" time="4.922" /><testcase classname="backend.tests.test_export_excel_r1r2.TestExportExcelR1R2" name="test_export_excel_solo_actualizados_returns_valid_excel" time="0.203" /><testcase classname="backend.tests.test_export_excel_r1r2.TestExportExcelR1R2" name="test_export_excel_solo_actualizados_has_fewer_predios" time="5.586" /><testcase classname="backend.tests.test_export_excel_r1r2.TestExportExcelR1R2" name="test_export_excel_requires_authentication" time="0.111" /><testcase classname="backend.tests.test_export_excel_r1r2.TestExportExcelR1R2" name="test_export_excel_invalid_project_returns_404" time="0.127" /><testcase classname="backend.tests.test_export_excel_r1r2.TestExportExcelR1R2" name="test_export_excel_project_exists" time="0.128" /></testsuite></testsuites>