<?xml version="1.0" encoding="utf-8"?><testsuites name="pytest tests"><testsuite name="pytest" errors="0" failures="1" skipped="1" tests="10" time="3.509" timestamp="2026-02-04T22:23:19.374395+00:00" hostname="agent-env-847d6366-a95c-4d97-af81-563b315889f6"><testcase classname="backend.tests.test_bug_fixes_iteration29.TestAuthentication" name="test_admin_login" time="0.282" /><testcase classname="backend.tests.test_bug_fixes_iteration29.TestPrediosNuevosEndpoints" name="test_get_predios_nuevos_list" time="0.306" /><testcase classname="backend.tests.test_bug_fixes_iteration29.TestPrediosNuevosEndpoints" name="test_get_single_predio_nuevo" time="0.367" /><testcase classname="backend.tests.test_bug_fixes_iteration29.TestRechazarAsignacionEndpoint" name="test_rechazar_asignacion_endpoint_exists" time="0.305" /><testcase classname="backend.tests.test_bug_fixes_iteration29.TestRechazarAsignacionEndpoint" name="test_rechazar_asignacion_requires_observaciones" time="0.337"><skipped type="pytest.skip" message="Could not create test predio">/app/backend/tests/test_bug_fixes_iteration29.py:183: Could not create test predio</skipped></testcase><testcase classname="backend.tests.test_bug_fixes_iteration29.TestPredioNuevoCreationAndEdit" name="test_create_predio_nuevo" time="0.289"><failure message="AssertionError: Failed to create predio: {&quot;detail&quot;:[{&quot;type&quot;:&quot;missing&quot;,&quot;loc&quot;:[&quot;body&quot;,&quot;r1&quot;],&quot;msg&quot;:&quot;Field required&quot;,&quot;input&quot;:{&quot;codigo_predial_nacional&quot;:&quot;TEST_EDIT_20260204222321&quot;,&quot;municipio&quot;:&quot;TEST_MUNICIPIO&quot;,&quot;direccion&quot;:&quot;Test Address for Edit&quot;,&quot;destino_economico&quot;:&quot;Residencial&quot;,&quot;area_terreno&quot;:100,&quot;area_construida&quot;:50},&quot;url&quot;:&quot;https://errors.pydantic.dev/2.12/v/missing&quot;},{&quot;type&quot;:&quot;missing&quot;,&quot;loc&quot;:[&quot;body&quot;,&quot;gestor_apoyo_id&quot;],&quot;msg&quot;:&quot;Field required&quot;,&quot;input&quot;:{&quot;codigo_predial_nacional&quot;:&quot;TEST_EDIT_20260204222321&quot;,&quot;municipio&quot;:&quot;TEST_MUNICIPIO&quot;,&quot;direccion&quot;:&quot;Test Address for Edit&quot;,&quot;destino_economico&quot;:&quot;Residencial&quot;,&quot;area_terreno&quot;:100,&quot;area_construida&quot;:50},&quot;url&quot;:&quot;https://errors.pydantic.dev/2.12/v/missing&quot;}]}&#10;assert 422 == 201&#10; +  where 422 = &lt;Response [422]&gt;.status_code">backend/tests/test_bug_fixes_iteration29.py:216: in test_create_predio_nuevo
    assert response.status_code == 201, f"Failed to create predio: {response.text}"
E   AssertionError: Failed to create predio: {"detail":[{"type":"missing","loc":["body","r1"],"msg":"Field required","input":{"codigo_predial_nacional":"TEST_EDIT_20260204222321","municipio":"TEST_MUNICIPIO","direccion":"Test Address for Edit","destino_economico":"Residencial","area_terreno":100,"area_construida":50},"url":"https://errors.pydantic.dev/2.12/v/missing"},{"type":"missing","loc":["body","gestor_apoyo_id"],"msg":"Field required","input":{"codigo_predial_nacional":"TEST_EDIT_20260204222321","municipio":"TEST_MUNICIPIO","direccion":"Test Address for Edit","destino_economico":"Residencial","area_terreno":100,"area_construida":50},"url":"https://errors.pydantic.dev/2.12/v/missing"}]}
E   assert 422 == 201
E    +  where 422 = &lt;Response [422]&gt;.status_code</failure></testcase><testcase classname="backend.tests.test_bug_fixes_iteration29.TestGestorApoyoFlow" name="test_get_users_list" time="0.302" /><testcase classname="backend.tests.test_bug_fixes_iteration29.TestGestorApoyoFlow" name="test_predio_with_gestor_apoyo_assignment" time="0.296" /><testcase classname="backend.tests.test_bug_fixes_iteration29.TestActionEndpointValidation" name="test_invalid_action_returns_400" time="0.348" /><testcase classname="backend.tests.test_bug_fixes_iteration29.TestActionEndpointValidation" name="test_valid_actions_list" time="0.607" /></testsuite></testsuites>