<?xml version="1.0" encoding="utf-8"?><testsuites name="pytest tests"><testsuite name="pytest" errors="0" failures="1" skipped="0" tests="13" time="1.230" timestamp="2026-03-06T23:56:34.638957+00:00" hostname="agent-env-55c2eb9c-de47-4906-91a9-80b79e2642aa"><testcase classname="tests.test_r1_r2_resolucion_data.TestHealthEndpoint" name="test_health_check" time="0.279" /><testcase classname="tests.test_r1_r2_resolucion_data.TestObtenerDatosR1R2Function" name="test_function_exists_and_returns_correct_structure" time="0.007" /><testcase classname="tests.test_r1_r2_resolucion_data.TestObtenerDatosR1R2Function" name="test_function_prioritizes_r1_r2_data" time="0.000" /><testcase classname="tests.test_r1_r2_resolucion_data.TestPDFGeneratorsR1R2Functions" name="test_m2_generator_has_function" time="0.000" /><testcase classname="tests.test_r1_r2_resolucion_data.TestPDFGeneratorsR1R2Functions" name="test_m3_generator_has_function" time="0.000" /><testcase classname="tests.test_r1_r2_resolucion_data.TestPDFGeneratorsR1R2Functions" name="test_m4_generator_has_function" time="0.000" /><testcase classname="tests.test_r1_r2_resolucion_data.TestPDFGeneratorsR1R2Functions" name="test_m5_generator_has_function" time="0.000" /><testcase classname="tests.test_r1_r2_resolucion_data.TestGenerarResolucionManualEndpoint" name="test_endpoint_exists" time="0.560" /><testcase classname="tests.test_r1_r2_resolucion_data.TestGenerarResolucionManualEndpoint" name="test_endpoint_validates_predio_id" time="0.132"><failure message="AssertionError: Respuesta inesperada: 401 - {&quot;detail&quot;:&quot;Token inválido&quot;}&#10;assert 401 in [400, 404, 422, 500]&#10; +  where 401 = &lt;Response [401]&gt;.status_code">tests/test_r1_r2_resolucion_data.py:264: in test_endpoint_validates_predio_id
    assert response.status_code in [400, 404, 422, 500], \
E   AssertionError: Respuesta inesperada: 401 - {"detail":"Token inválido"}
E   assert 401 in [400, 404, 422, 500]
E    +  where 401 = &lt;Response [401]&gt;.status_code</failure></testcase><testcase classname="tests.test_r1_r2_resolucion_data.TestServerPyFunctionIntegration" name="test_generar_resolucion_manual_uses_r1_r2_function" time="0.007" /><testcase classname="tests.test_r1_r2_resolucion_data.TestServerPyFunctionIntegration" name="test_cancelacion_uses_r1_r2_data" time="0.007" /><testcase classname="tests.test_r1_r2_resolucion_data.TestServerPyFunctionIntegration" name="test_inscripcion_uses_r1_r2_data" time="0.006" /><testcase classname="tests.test_r1_r2_resolucion_data.TestServerPyM1AprobationEndpoint" name="test_m1_aprobar_endpoint_exists_or_handled" time="0.008" /></testsuite></testsuites>