<?xml version="1.0" encoding="utf-8"?><testsuites name="pytest tests"><testsuite name="pytest" errors="0" failures="0" skipped="0" tests="9" time="0.985" timestamp="2026-01-27T20:18:22.807429+00:00" hostname="agent-env-dd33320a-d71b-46d6-89dc-267951b682cc"><testcase classname="backend.tests.test_ultima_manzana.TestUltimaManzanaEndpoint" name="test_ultima_manzana_el_carmen_zona01_sector01" time="0.368" /><testcase classname="backend.tests.test_ultima_manzana.TestUltimaManzanaEndpoint" name="test_ultima_manzana_empty_sector" time="0.040" /><testcase classname="backend.tests.test_ultima_manzana.TestUltimaManzanaEndpoint" name="test_ultima_manzana_abrego" time="0.050" /><testcase classname="backend.tests.test_ultima_manzana.TestUltimaManzanaEndpoint" name="test_ultima_manzana_bucarasica" time="0.082" /><testcase classname="backend.tests.test_ultima_manzana.TestUltimaManzanaEndpoint" name="test_ultima_manzana_invalid_municipio" time="0.041" /><testcase classname="backend.tests.test_ultima_manzana.TestUltimaManzanaEndpoint" name="test_ultima_manzana_default_params" time="0.039" /><testcase classname="backend.tests.test_ultima_manzana.TestUltimaManzanaEndpoint" name="test_ultima_manzana_rural_zone" time="0.055" /><testcase classname="backend.tests.test_ultima_manzana.TestUltimaManzanaEndpoint" name="test_ultima_manzana_response_structure" time="0.042" /><testcase classname="backend.tests.test_ultima_manzana.TestUltimaManzanaAuth" name="test_ultima_manzana_without_auth" time="0.044" /></testsuite></testsuites>