<?xml version="1.0" encoding="utf-8"?><testsuites name="pytest tests"><testsuite name="pytest" errors="0" failures="0" skipped="0" tests="17" time="11.548" timestamp="2026-03-02T20:10:29.975209+00:00" hostname="agent-env-d2b4dc98-080b-43af-8148-50a37372f71f"><testcase classname="backend.tests.test_sandbox_module.TestSandboxAuthentication" name="test_admin_login_success" time="0.483" /><testcase classname="backend.tests.test_sandbox_module.TestSandboxAccessControl" name="test_nonadmin_denied_sandbox_consultar" time="1.159" /><testcase classname="backend.tests.test_sandbox_module.TestSandboxAccessControl" name="test_nonadmin_denied_sandbox_datos" time="1.170" /><testcase classname="backend.tests.test_sandbox_module.TestSandboxAccessControl" name="test_nonadmin_denied_sandbox_crear_predio" time="1.131" /><testcase classname="backend.tests.test_sandbox_module.TestSandboxAccessControl" name="test_nonadmin_denied_sandbox_estadisticas" time="1.129" /><testcase classname="backend.tests.test_sandbox_module.TestSandboxConsultar" name="test_consultar_predios_collection" time="0.540" /><testcase classname="backend.tests.test_sandbox_module.TestSandboxConsultar" name="test_consultar_users_collection" time="0.510" /><testcase classname="backend.tests.test_sandbox_module.TestSandboxConsultar" name="test_consultar_petitions_collection" time="0.490" /><testcase classname="backend.tests.test_sandbox_module.TestSandboxConsultar" name="test_consultar_with_filter" time="0.545" /><testcase classname="backend.tests.test_sandbox_module.TestSandboxConsultar" name="test_consultar_invalid_collection" time="0.473" /><testcase classname="backend.tests.test_sandbox_module.TestSandboxConsultar" name="test_consultar_respects_limit" time="0.549" /><testcase classname="backend.tests.test_sandbox_module.TestSandboxCRUD" name="test_get_sandbox_datos" time="0.448" /><testcase classname="backend.tests.test_sandbox_module.TestSandboxCRUD" name="test_crear_predio_sandbox" time="0.525" /><testcase classname="backend.tests.test_sandbox_module.TestSandboxCRUD" name="test_crear_and_delete_predio_sandbox" time="0.527" /><testcase classname="backend.tests.test_sandbox_module.TestSandboxCRUD" name="test_delete_nonexistent_predio" time="0.553" /><testcase classname="backend.tests.test_sandbox_module.TestSandboxCRUD" name="test_get_estadisticas" time="0.587" /><testcase classname="backend.tests.test_sandbox_module.TestSandboxLimpiar" name="test_limpiar_sandbox" time="0.637" /></testsuite></testsuites>