<?xml version="1.0" encoding="utf-8"?><testsuites name="pytest tests"><testsuite name="pytest" errors="0" failures="0" skipped="0" tests="11" time="3.571" timestamp="2026-02-05T05:04:51.419571+00:00" hostname="agent-env-b9ba003d-6a14-4957-895a-65cf0fe6c480"><testcase classname="backend.tests.test_predios_nuevos_edit_delete.TestAuthentication" name="test_gestor_creador_login" time="0.283" /><testcase classname="backend.tests.test_predios_nuevos_edit_delete.TestAuthentication" name="test_coordinador_login" time="0.261" /><testcase classname="backend.tests.test_predios_nuevos_edit_delete.TestPrediosNuevosEndpoints" name="test_get_predios_nuevos_list" time="0.300" /><testcase classname="backend.tests.test_predios_nuevos_edit_delete.TestPrediosNuevosEndpoints" name="test_get_test_predio_details" time="0.307" /><testcase classname="backend.tests.test_predios_nuevos_edit_delete.TestPrediosNuevosEndpoints" name="test_patch_predio_nuevo_endpoint_exists" time="0.343" /><testcase classname="backend.tests.test_predios_nuevos_edit_delete.TestDeleteEndpoint" name="test_delete_endpoint_exists" time="0.303" /><testcase classname="backend.tests.test_predios_nuevos_edit_delete.TestDeleteEndpoint" name="test_delete_requires_motivo" time="0.342" /><testcase classname="backend.tests.test_predios_nuevos_edit_delete.TestDeleteEndpoint" name="test_delete_only_by_creator" time="0.383" /><testcase classname="backend.tests.test_predios_nuevos_edit_delete.TestPredioDataStructure" name="test_predio_has_propietarios_structure" time="0.303" /><testcase classname="backend.tests.test_predios_nuevos_edit_delete.TestPredioDataStructure" name="test_predio_has_zonas_fisicas_structure" time="0.315" /><testcase classname="backend.tests.test_predios_nuevos_edit_delete.TestPredioDataStructure" name="test_predio_has_r1_fields" time="0.304" /></testsuite></testsuites>