<?xml version="1.0" encoding="utf-8"?><testsuites name="pytest tests"><testsuite name="pytest" errors="0" failures="1" skipped="0" tests="15" time="1.809" timestamp="2026-01-30T03:23:11.662597+00:00" hostname="agent-env-0db98b18-5009-4c2c-8f81-48b07b86a4f3"><testcase classname="backend.tests.test_database_backup.TestDatabaseStatus" name="test_get_database_status_success" time="0.554" /><testcase classname="backend.tests.test_database_backup.TestDatabaseStatus" name="test_get_database_status_without_auth" time="0.042" /><testcase classname="backend.tests.test_database_backup.TestDatabaseStatus" name="test_database_status_contains_collections_info" time="0.222" /><testcase classname="backend.tests.test_database_backup.TestBackupHistory" name="test_get_backup_history_success" time="0.049" /><testcase classname="backend.tests.test_database_backup.TestBackupHistory" name="test_get_backup_history_without_auth" time="0.034" /><testcase classname="backend.tests.test_database_backup.TestCreateSelectiveBackup" name="test_create_selective_backup_success" time="0.040" /><testcase classname="backend.tests.test_database_backup.TestCreateSelectiveBackup" name="test_poll_backup_status" time="0.041" /><testcase classname="backend.tests.test_database_backup.TestCreateSelectiveBackup" name="test_create_backup_without_auth" time="0.036" /><testcase classname="backend.tests.test_database_backup.TestCreateSelectiveBackup" name="test_create_backup_empty_collections" time="0.041" /><testcase classname="backend.tests.test_database_backup.TestBackupOperations" name="test_preview_backup" time="0.097"><failure message="AssertionError: Preview failed: {&quot;detail&quot;:&quot;Error leyendo backup: name 'json' is not defined&quot;}&#10;assert 520 == 200&#10; +  where 520 = &lt;Response [520]&gt;.status_code">backend/tests/test_database_backup.py:207: in test_preview_backup
    assert response.status_code == 200, f"Preview failed: {response.text}"
E   AssertionError: Preview failed: {"detail":"Error leyendo backup: name 'json' is not defined"}
E   assert 520 == 200
E    +  where 520 = &lt;Response [520]&gt;.status_code</failure></testcase><testcase classname="backend.tests.test_database_backup.TestBackupOperations" name="test_download_backup" time="0.102" /><testcase classname="backend.tests.test_database_backup.TestBackupOperations" name="test_preview_nonexistent_backup" time="0.044" /><testcase classname="backend.tests.test_database_backup.TestBackupOperations" name="test_download_nonexistent_backup" time="0.042" /><testcase classname="backend.tests.test_database_backup.TestPermissions" name="test_database_status_requires_admin_or_coordinator" time="0.221" /><testcase classname="backend.tests.test_database_backup.TestPermissions" name="test_delete_backup_requires_admin" time="0.079" /></testsuite></testsuites>