<?xml version="1.0" encoding="utf-8"?><testsuites name="pytest tests"><testsuite name="pytest" errors="0" failures="0" skipped="0" tests="11" time="9.084" timestamp="2026-03-07T01:12:12.280148+00:00" hostname="agent-env-3c48d830-d324-4075-bbaf-64dfc724630e"><testcase classname="backend.tests.test_rectificacion_area.TestRectificacionAreaAPI" name="test_01_health_check" time="0.272" /><testcase classname="backend.tests.test_rectificacion_area.TestRectificacionAreaAPI" name="test_02_authentication" time="0.436" /><testcase classname="backend.tests.test_rectificacion_area.TestRectificacionAreaAPI" name="test_03_rectificacion_area_type_configured" time="0.435" /><testcase classname="backend.tests.test_rectificacion_area.TestRectificacionAreaAPI" name="test_04_search_predio_for_rectification" time="4.560" /><testcase classname="backend.tests.test_rectificacion_area.TestRectificacionAreaAPI" name="test_05_create_rectificacion_area_solicitud" time="0.583" /><testcase classname="backend.tests.test_rectificacion_area.TestRectificacionAreaAPI" name="test_06_verify_pdf_download" time="0.445" /><testcase classname="backend.tests.test_rectificacion_area.TestRectificacionAreaAPI" name="test_07_check_historial_resoluciones" time="0.403" /><testcase classname="backend.tests.test_rectificacion_area.TestRectificacionAreaAPI" name="test_08_verify_predio_updated" time="0.511" /><testcase classname="backend.tests.test_rectificacion_area.TestRectificacionAreaPDFGenerator" name="test_pdf_generator_module_exists" time="0.413" /><testcase classname="backend.tests.test_rectificacion_area.TestRectificacionAreaEndpointValidation" name="test_endpoint_requires_auth" time="0.423" /><testcase classname="backend.tests.test_rectificacion_area.TestRectificacionAreaEndpointValidation" name="test_endpoint_accepts_rectificacion_area_type" time="0.430" /></testsuite></testsuites>