<?xml version="1.0" encoding="utf-8"?><testsuites name="pytest tests"><testsuite name="pytest" errors="0" failures="0" skipped="0" tests="18" time="7.604" timestamp="2026-03-03T03:47:46.502641+00:00" hostname="agent-env-eaa5dc4a-aadc-4952-8a5b-97f1d6b593fc"><testcase classname="backend.tests.test_resoluciones_plantillas.TestAuthentication" name="test_admin_login_success" time="0.512" /><testcase classname="backend.tests.test_resoluciones_plantillas.TestAccessControl" name="test_unauthenticated_request_denied" time="0.176" /><testcase classname="backend.tests.test_resoluciones_plantillas.TestAccessControl" name="test_admin_can_access_plantillas" time="0.607" /><testcase classname="backend.tests.test_resoluciones_plantillas.TestListarPlantillas" name="test_list_plantillas_returns_array" time="0.566" /><testcase classname="backend.tests.test_resoluciones_plantillas.TestListarPlantillas" name="test_list_plantillas_contains_m1" time="0.172" /><testcase classname="backend.tests.test_resoluciones_plantillas.TestListarPlantillas" name="test_list_plantillas_no_mongodb_id" time="0.159" /><testcase classname="backend.tests.test_resoluciones_plantillas.TestObtenerPlantillaM1" name="test_get_m1_plantilla" time="0.531" /><testcase classname="backend.tests.test_resoluciones_plantillas.TestObtenerPlantillaM1" name="test_get_m1_plantilla_lowercase" time="0.228" /><testcase classname="backend.tests.test_resoluciones_plantillas.TestObtenerPlantillaM1" name="test_get_nonexistent_plantilla" time="0.160" /><testcase classname="backend.tests.test_resoluciones_plantillas.TestObtenerPlantillaM1" name="test_m1_plantilla_structure" time="0.152" /><testcase classname="backend.tests.test_resoluciones_plantillas.TestActualizarPlantillaM1" name="test_update_m1_texto" time="1.042" /><testcase classname="backend.tests.test_resoluciones_plantillas.TestActualizarPlantillaM1" name="test_update_m1_firmante" time="0.645" /><testcase classname="backend.tests.test_resoluciones_plantillas.TestGenerarPreviewPDF" name="test_generate_preview_m1" time="0.786" /><testcase classname="backend.tests.test_resoluciones_plantillas.TestGenerarPreviewPDF" name="test_generate_preview_lowercase_tipo" time="0.320" /><testcase classname="backend.tests.test_resoluciones_plantillas.TestGenerarPreviewPDF" name="test_generate_preview_invalid_tipo" time="0.158" /><testcase classname="backend.tests.test_resoluciones_plantillas.TestGenerarPreviewPDF" name="test_preview_includes_metadata" time="0.300" /><testcase classname="backend.tests.test_resoluciones_plantillas.TestEdgeCases" name="test_empty_texto_update" time="0.572" /><testcase classname="backend.tests.test_resoluciones_plantillas.TestEdgeCases" name="test_special_characters_in_texto" time="0.305" /></testsuite></testsuites>