<?xml version="1.0" encoding="utf-8"?><testsuites name="pytest tests"><testsuite name="pytest" errors="0" failures="0" skipped="0" tests="6" time="5.118" timestamp="2026-02-16T20:23:37.840417+00:00" hostname="agent-env-88fe17b2-c183-426d-b557-4c68aa9da822"><testcase classname="tests.test_visita_endpoint.TestVisitaEndpoint" name="test_login_success" time="1.285" /><testcase classname="tests.test_visita_endpoint.TestVisitaEndpoint" name="test_get_predios_list" time="0.584" /><testcase classname="tests.test_visita_endpoint.TestVisitaEndpoint" name="test_save_visita_minimal" time="0.892" /><testcase classname="tests.test_visita_endpoint.TestVisitaEndpoint" name="test_save_visita_complete" time="0.739" /><testcase classname="tests.test_visita_endpoint.TestVisitaEndpoint" name="test_save_visita_predio_not_found" time="0.642" /><testcase classname="tests.test_visita_endpoint.TestVisitaEndpoint" name="test_verify_visita_persisted" time="0.848" /></testsuite></testsuites>