<?xml version="1.0" encoding="utf-8"?><testsuites name="pytest tests"><testsuite name="pytest" errors="0" failures="1" skipped="0" tests="18" time="6.846" timestamp="2026-01-22T17:18:01.234876+00:00" hostname="agent-env-4b4fcee3-5101-43df-977b-caa32330495e"><testcase classname="backend.tests.test_predios_nuevos.TestPrediosNuevosWorkflow" name="test_01_login_success" time="0.301" /><testcase classname="backend.tests.test_predios_nuevos.TestPrediosNuevosWorkflow" name="test_02_list_predios_nuevos_empty_or_existing" time="0.270" /><testcase classname="backend.tests.test_predios_nuevos.TestPrediosNuevosWorkflow" name="test_03_list_predios_nuevos_with_estado_filter" time="0.362" /><testcase classname="backend.tests.test_predios_nuevos.TestPrediosNuevosWorkflow" name="test_04_get_pendientes" time="0.276" /><testcase classname="backend.tests.test_predios_nuevos.TestPrediosNuevosWorkflow" name="test_05_buscar_radicado_not_found" time="0.310" /><testcase classname="backend.tests.test_predios_nuevos.TestPrediosNuevosWorkflow" name="test_06_buscar_radicado_existing" time="0.676"><failure message="AttributeError: 'list' object has no attribute 'get'">backend/tests/test_predios_nuevos.py:143: in test_06_buscar_radicado_existing
    petitions = data.get("petitions", [])
                ^^^^^^^^
E   AttributeError: 'list' object has no attribute 'get'</failure></testcase><testcase classname="backend.tests.test_predios_nuevos.TestPrediosNuevosWorkflow" name="test_07_create_predio_nuevo_validation" time="0.274" /><testcase classname="backend.tests.test_predios_nuevos.TestPrediosNuevosWorkflow" name="test_08_create_predio_nuevo_invalid_gestor" time="0.276" /><testcase classname="backend.tests.test_predios_nuevos.TestPrediosNuevosWorkflow" name="test_09_create_predio_nuevo_success" time="0.493" /><testcase classname="backend.tests.test_predios_nuevos.TestPrediosNuevosWorkflow" name="test_10_get_predio_nuevo_by_id" time="0.472" /><testcase classname="backend.tests.test_predios_nuevos.TestPrediosNuevosWorkflow" name="test_11_get_predio_nuevo_not_found" time="0.274" /><testcase classname="backend.tests.test_predios_nuevos.TestPrediosNuevosWorkflow" name="test_12_accion_enviar_revision" time="0.528" /><testcase classname="backend.tests.test_predios_nuevos.TestPrediosNuevosWorkflow" name="test_13_accion_devolver" time="0.482" /><testcase classname="backend.tests.test_predios_nuevos.TestPrediosNuevosWorkflow" name="test_14_accion_aprobar" time="0.720" /><testcase classname="backend.tests.test_predios_nuevos.TestPrediosNuevosWorkflow" name="test_15_accion_rechazar" time="0.491" /><testcase classname="backend.tests.test_predios_nuevos.TestPrediosNuevosWorkflow" name="test_16_accion_invalid_state_transition" time="0.487" /><testcase classname="backend.tests.test_predios_nuevos.TestPrediosNuevosWorkflow" name="test_17_unauthorized_access" time="0.036" /><testcase classname="backend.tests.test_predios_nuevos.TestPrediosEnProcesoPage" name="test_frontend_page_loads" time="0.036" /></testsuite></testsuites>