<?xml version="1.0" encoding="utf-8"?><testsuites name="pytest tests"><testsuite name="pytest" errors="0" failures="0" skipped="1" tests="11" time="4.090" timestamp="2026-03-04T15:39:08.576607+00:00" hostname="agent-env-5b75b99d-e1b6-455f-b25a-fe273fed09b8"><testcase classname="backend.tests.test_pendientes_mutaciones_bugfix.TestPendientesMutacionesEndpoint" name="test_health_check" time="0.297" /><testcase classname="backend.tests.test_pendientes_mutaciones_bugfix.TestPendientesMutacionesEndpoint" name="test_admin_login" time="0.423" /><testcase classname="backend.tests.test_pendientes_mutaciones_bugfix.TestPendientesMutacionesEndpoint" name="test_pendientes_aprobacion_endpoint_returns_200" time="0.463" /><testcase classname="backend.tests.test_pendientes_mutaciones_bugfix.TestPendientesMutacionesEndpoint" name="test_pendientes_aprobacion_requires_auth" time="0.173" /><testcase classname="backend.tests.test_pendientes_mutaciones_bugfix.TestPendientesMutacionesEndpoint" name="test_gestor_access_pendientes_aprobacion" time="0.127"><skipped type="pytest.skip" message="Gestor user not available">/app/backend/tests/test_pendientes_mutaciones_bugfix.py:97: Gestor user not available</skipped></testcase><testcase classname="backend.tests.test_pendientes_mutaciones_bugfix.TestCambiosPendientesStats" name="test_cambios_pendientes_endpoint" time="0.466" /><testcase classname="backend.tests.test_pendientes_mutaciones_bugfix.TestCambiosPendientesStats" name="test_cambios_stats_endpoint" time="0.423" /><testcase classname="backend.tests.test_pendientes_mutaciones_bugfix.TestCambiosPendientesStats" name="test_predios_nuevos_endpoint" time="0.395" /><testcase classname="backend.tests.test_pendientes_mutaciones_bugfix.TestCambiosPendientesStats" name="test_reapariciones_pendientes_endpoint" time="0.398" /><testcase classname="backend.tests.test_pendientes_mutaciones_bugfix.TestCambiosPendientesStats" name="test_historial_endpoint" time="0.399" /><testcase classname="backend.tests.test_pendientes_mutaciones_bugfix.TestMutacionAcciones" name="test_mutacion_accion_endpoint_exists" time="0.382" /></testsuite></testsuites>