<?xml version="1.0" encoding="utf-8"?><testsuites name="pytest tests"><testsuite name="pytest" errors="0" failures="0" skipped="0" tests="18" time="5.749" timestamp="2026-03-03T01:44:33.627194+00:00" hostname="agent-env-542693e9-a0e5-4088-a838-83141436e129"><testcase classname="backend.tests.test_resoluciones_plantillas.TestAuthentication" name="test_admin_login_success" time="0.367" /><testcase classname="backend.tests.test_resoluciones_plantillas.TestAccessControl" name="test_unauthenticated_request_denied" time="0.112" /><testcase classname="backend.tests.test_resoluciones_plantillas.TestAccessControl" name="test_admin_can_access_plantillas" time="0.445" /><testcase classname="backend.tests.test_resoluciones_plantillas.TestListarPlantillas" name="test_list_plantillas_returns_array" time="0.446" /><testcase classname="backend.tests.test_resoluciones_plantillas.TestListarPlantillas" name="test_list_plantillas_contains_m1" time="0.117" /><testcase classname="backend.tests.test_resoluciones_plantillas.TestListarPlantillas" name="test_list_plantillas_no_mongodb_id" time="0.139" /><testcase classname="backend.tests.test_resoluciones_plantillas.TestObtenerPlantillaM1" name="test_get_m1_plantilla" time="0.451" /><testcase classname="backend.tests.test_resoluciones_plantillas.TestObtenerPlantillaM1" name="test_get_m1_plantilla_lowercase" time="0.110" /><testcase classname="backend.tests.test_resoluciones_plantillas.TestObtenerPlantillaM1" name="test_get_nonexistent_plantilla" time="0.116" /><testcase classname="backend.tests.test_resoluciones_plantillas.TestObtenerPlantillaM1" name="test_m1_plantilla_structure" time="0.123" /><testcase classname="backend.tests.test_resoluciones_plantillas.TestActualizarPlantillaM1" name="test_update_m1_texto" time="0.843" /><testcase classname="backend.tests.test_resoluciones_plantillas.TestActualizarPlantillaM1" name="test_update_m1_firmante" time="0.495" /><testcase classname="backend.tests.test_resoluciones_plantillas.TestGenerarPreviewPDF" name="test_generate_preview_m1" time="0.637" /><testcase classname="backend.tests.test_resoluciones_plantillas.TestGenerarPreviewPDF" name="test_generate_preview_lowercase_tipo" time="0.184" /><testcase classname="backend.tests.test_resoluciones_plantillas.TestGenerarPreviewPDF" name="test_generate_preview_invalid_tipo" time="0.108" /><testcase classname="backend.tests.test_resoluciones_plantillas.TestGenerarPreviewPDF" name="test_preview_includes_metadata" time="0.188" /><testcase classname="backend.tests.test_resoluciones_plantillas.TestEdgeCases" name="test_empty_texto_update" time="0.532" /><testcase classname="backend.tests.test_resoluciones_plantillas.TestEdgeCases" name="test_special_characters_in_texto" time="0.243" /></testsuite></testsuites>