<?xml version="1.0" encoding="utf-8"?><testsuites name="pytest tests"><testsuite name="pytest" errors="0" failures="0" skipped="0" tests="15" time="2.777" timestamp="2026-03-03T05:12:41.545622+00:00" hostname="agent-env-a9b349e4-150f-4577-8ef5-e37035842507"><testcase classname="backend.tests.test_resoluciones_manual.TestSiguienteNumeroResolucion" name="test_siguiente_numero_valid_municipio" time="0.534" /><testcase classname="backend.tests.test_resoluciones_manual.TestSiguienteNumeroResolucion" name="test_siguiente_numero_abrego" time="0.053" /><testcase classname="backend.tests.test_resoluciones_manual.TestSiguienteNumeroResolucion" name="test_siguiente_numero_convencion" time="0.051" /><testcase classname="backend.tests.test_resoluciones_manual.TestSiguienteNumeroResolucion" name="test_siguiente_numero_by_name" time="0.051" /><testcase classname="backend.tests.test_resoluciones_manual.TestRadicadosDisponibles" name="test_get_radicados_sin_filtro" time="0.053" /><testcase classname="backend.tests.test_resoluciones_manual.TestRadicadosDisponibles" name="test_get_radicados_con_busqueda" time="0.057" /><testcase classname="backend.tests.test_resoluciones_manual.TestRadicadosDisponibles" name="test_get_radicados_con_municipio" time="0.055" /><testcase classname="backend.tests.test_resoluciones_manual.TestRadicadosDisponibles" name="test_radicados_estructura" time="0.055" /><testcase classname="backend.tests.test_resoluciones_manual.TestGenerarResolucionManual" name="test_generar_resolucion_success" time="0.360" /><testcase classname="backend.tests.test_resoluciones_manual.TestGenerarResolucionManual" name="test_generar_resolucion_missing_predio" time="0.200" /><testcase classname="backend.tests.test_resoluciones_manual.TestGenerarResolucionManual" name="test_generar_resolucion_sin_auth" time="0.137" /><testcase classname="backend.tests.test_resoluciones_manual.TestIntegracionResolucionPredio" name="test_predio_historial_actualizado" time="0.632" /><testcase classname="backend.tests.test_resoluciones_manual.TestAccessControl" name="test_admin_can_generate" time="0.054" /><testcase classname="backend.tests.test_resoluciones_manual.TestAccessControl" name="test_siguiente_numero_requires_auth" time="0.103" /><testcase classname="backend.tests.test_resoluciones_manual.TestAccessControl" name="test_radicados_requires_auth" time="0.158" /></testsuite></testsuites>