<?xml version="1.0" encoding="utf-8"?><testsuites name="pytest tests"><testsuite name="pytest" errors="0" failures="1" skipped="0" tests="5" time="126.063" timestamp="2026-02-03T21:43:37.676907+00:00" hostname="agent-env-cf6f2264-dad0-4adb-a9eb-384fd7d150b4"><testcase classname="backend.tests.test_r2_bug_fix.TestR2BugFix" name="test_login_success" time="120.282" /><testcase classname="backend.tests.test_r2_bug_fix.TestR2BugFix" name="test_get_predios_list" time="0.590" /><testcase classname="backend.tests.test_r2_bug_fix.TestR2BugFix" name="test_get_predio_detail" time="0.563" /><testcase classname="backend.tests.test_r2_bug_fix.TestR2BugFix" name="test_proponer_cambio_r2" time="2.074" /><testcase classname="backend.tests.test_r2_bug_fix.TestR2BugFix" name="test_backend_r2_conversion_logic" time="2.245"><failure message="AssertionError: area_terreno should be 77777.77, got 12345.67&#10;assert 12345.67 == 77777.77&#10; +  where 12345.67 = &lt;built-in method get of dict object at 0xfd65c40b7180&gt;('area_terreno')&#10; +    where &lt;built-in method get of dict object at 0xfd65c40b7180&gt; = {'area_construida': 80, 'area_terreno': 12345.67, 'banos': 1, 'habitaciones': 2, ...}.get">backend/tests/test_r2_bug_fix.py:297: in test_backend_r2_conversion_logic
    assert zona.get('area_terreno') == test_area_terreno, \
E   AssertionError: area_terreno should be 77777.77, got 12345.67
E   assert 12345.67 == 77777.77
E    +  where 12345.67 = &lt;built-in method get of dict object at 0xfd65c40b7180&gt;('area_terreno')
E    +    where &lt;built-in method get of dict object at 0xfd65c40b7180&gt; = {'area_construida': 80, 'area_terreno': 12345.67, 'banos': 1, 'habitaciones': 2, ...}.get</failure></testcase></testsuite></testsuites>