<?xml version="1.0" encoding="utf-8"?><testsuites name="pytest tests"><testsuite name="pytest" errors="0" failures="0" skipped="0" tests="13" time="8.075" timestamp="2026-02-05T18:05:07.947659+00:00" hostname="agent-env-8728116c-70a3-4bd4-9cca-d48e954e2548"><testcase classname="backend.tests.test_r2_iteration34.TestAuthentication" name="test_01_coordinador_login" time="0.319" /><testcase classname="backend.tests.test_r2_iteration34.TestAuthentication" name="test_02_admin_login" time="0.271" /><testcase classname="backend.tests.test_r2_iteration34.TestPrediosAPI" name="test_03_get_predios_san_calixto" time="0.376" /><testcase classname="backend.tests.test_r2_iteration34.TestPrediosAPI" name="test_04_verify_predio_r2_structure" time="0.376" /><testcase classname="backend.tests.test_r2_iteration34.TestPrediosAPI" name="test_05_get_catalogos" time="0.314" /><testcase classname="backend.tests.test_r2_iteration34.TestPrediosAPI" name="test_06_get_predios_stats_summary" time="1.085" /><testcase classname="backend.tests.test_r2_iteration34.TestExcelExport" name="test_07_export_excel_predios" time="2.177" /><testcase classname="backend.tests.test_r2_iteration34.TestExcelExport" name="test_08_export_excel_tramites" time="0.968" /><testcase classname="backend.tests.test_r2_iteration34.TestPetitionsAPI" name="test_09_get_petitions" time="0.777" /><testcase classname="backend.tests.test_r2_iteration34.TestPetitionsAPI" name="test_10_get_gestores_disponibles" time="0.299" /><testcase classname="backend.tests.test_r2_iteration34.TestPetitionsAPI" name="test_11_get_dashboard_stats" time="0.305" /><testcase classname="backend.tests.test_r2_iteration34.TestPrediosEliminados" name="test_12_get_predios_eliminados" time="0.421" /><testcase classname="backend.tests.test_r2_iteration34.TestPrediosEliminados" name="test_13_get_predios_eliminados_stats" time="0.313" /></testsuite></testsuites>