<?xml version="1.0" encoding="utf-8"?><testsuites name="pytest tests"><testsuite name="pytest" errors="0" failures="1" skipped="0" tests="12" time="3.895" timestamp="2026-01-31T16:00:01.219101+00:00" hostname="agent-env-67271242-1e3b-4c03-9571-1a1eebe20504"><testcase classname="backend.tests.test_empresa_role_restrictions.TestEmpresaRoleRestrictions" name="test_admin_login_success" time="0.342" /><testcase classname="backend.tests.test_empresa_role_restrictions.TestEmpresaRoleRestrictions" name="test_empresa_login_success" time="0.298" /><testcase classname="backend.tests.test_empresa_role_restrictions.TestEmpresaRoleRestrictions" name="test_empresa_user_role_is_empresa" time="0.069" /><testcase classname="backend.tests.test_empresa_role_restrictions.TestEmpresaRoleRestrictions" name="test_admin_user_role_is_administrador" time="0.040" /><testcase classname="backend.tests.test_empresa_role_restrictions.TestEmpresaRoleRestrictions" name="test_empresa_cannot_propose_changes" time="0.077" /><testcase classname="backend.tests.test_empresa_role_restrictions.TestEmpresaRoleRestrictions" name="test_admin_can_propose_changes" time="0.602" /><testcase classname="backend.tests.test_empresa_role_restrictions.TestEmpresaRoleRestrictions" name="test_empresa_can_view_predios" time="0.495" /><testcase classname="backend.tests.test_empresa_role_restrictions.TestEmpresaRoleRestrictions" name="test_empresa_can_view_predio_detail" time="0.532" /><testcase classname="backend.tests.test_empresa_role_restrictions.TestEmpresaRoleRestrictions" name="test_empresa_cannot_delete_predio" time="0.105" /><testcase classname="backend.tests.test_empresa_role_restrictions.TestEmpresaRoleRestrictions" name="test_empresa_cannot_create_predio" time="0.627"><failure message="AssertionError: Expected 403 Forbidden for predio creation, got 200: {&quot;id&quot;:&quot;fbbf102a-96d2-4a32-8894-fedbd0673198&quot;,&quot;departamento&quot;:&quot;54&quot;,&quot;municipio&quot;:&quot;Bucarasica&quot;,&quot;municipio_codigo&quot;:&quot;109&quot;,&quot;numero_predio&quot;:30000020010001,&quot;codigo_predial_nacional&quot;:&quot;541090001000100020000000000000&quot;,&quot;codigo_homologado&quot;:&quot;BPP30000020010001OUEQ&quot;,&quot;zona&quot;:&quot;00&quot;,&quot;sector&quot;:&quot;01&quot;,&quot;manzana_vereda&quot;:&quot;0001&quot;,&quot;terreno&quot;:&quot;0002&quot;,&quot;terreno_num&quot;:2,&quot;condicion_predio&quot;:&quot;0000&quot;,&quot;predio_horizontal&quot;:&quot;0000&quot;,&quot;tipo_registro&quot;:1,&quot;nombre_propietario&quot;:&quot;TEST EMPRESA&quot;,&quot;tipo_documento&quot;:&quot;C&quot;,&quot;numero_documento&quot;:&quot;12345678&quot;,&quot;estado_civil&quot;:null,&quot;direccion&quot;:&quot;TEST ADDRESS&quot;,&quot;comuna&quot;:&quot;0&quot;,&quot;destino_economico&quot;:&quot;A&quot;,&quot;area_terreno&quot;:100.0,&quot;area_construida&quot;:0.0,&quot;avaluo&quot;:10000000.0,&quot;tipo_mutacion&quot;:null,&quot;numero_resolucion&quot;:null,&quot;fecha_resolucion&quot;:null,&quot;r2&quot;:null,&quot;vigencia&quot;:&quot;01312026&quot;,&quot;created_by&quot;:&quot;23d74add-f835-4e9b-b4d3-98d23637fc34&quot;,&quot;created_by_name&quot;:&quot;Test Empresa&quot;,&quot;created_at&quot;:&quot;2026-01-31T16:00:04.551651+00:00&quot;,&quot;updated_at&quot;:&quot;2026-01-31T16:00:04.551662+00:00&quot;,&quot;deleted&quot;:false,&quot;historial&quot;:[{&quot;accion&quot;:&quot;Predio creado&quot;,&quot;usuario&quot;:&quot;Test Empresa&quot;,&quot;usuario_id&quot;:&quot;23d74add-f835-4e9b-b4d3-98d23637fc34&quot;,&quot;fecha&quot;:&quot;2026-01-31T16:00:04.551665+00:00&quot;}]}&#10;assert 200 == 403&#10; +  where 200 = &lt;Response [200]&gt;.status_code">backend/tests/test_empresa_role_restrictions.py:255: in test_empresa_cannot_create_predio
    assert response.status_code == 403, f"Expected 403 Forbidden for predio creation, got {response.status_code}: {response.text}"
E   AssertionError: Expected 403 Forbidden for predio creation, got 200: {"id":"fbbf102a-96d2-4a32-8894-fedbd0673198","departamento":"54","municipio":"Bucarasica","municipio_codigo":"109","numero_predio":30000020010001,"codigo_predial_nacional":"541090001000100020000000000000","codigo_homologado":"BPP30000020010001OUEQ","zona":"00","sector":"01","manzana_vereda":"0001","terreno":"0002","terreno_num":2,"condicion_predio":"0000","predio_horizontal":"0000","tipo_registro":1,"nombre_propietario":"TEST EMPRESA","tipo_documento":"C","numero_documento":"12345678","estado_civil":null,"direccion":"TEST ADDRESS","comuna":"0","destino_economico":"A","area_terreno":100.0,"area_construida":0.0,"avaluo":10000000.0,"tipo_mutacion":null,"numero_resolucion":null,"fecha_resolucion":null,"r2":null,"vigencia":"01312026","created_by":"23d74add-f835-4e9b-b4d3-98d23637fc34","created_by_name":"Test Empresa","created_at":"2026-01-31T16:00:04.551651+00:00","updated_at":"2026-01-31T16:00:04.551662+00:00","deleted":false,"historial":[{"accion":"Predio creado","usuario":"Test Empresa","usuario_id":"23d74add-f835-4e9b-b4d3-98d23637fc34","fecha":"2026-01-31T16:00:04.551665+00:00"}]}
E   assert 200 == 403
E    +  where 200 = &lt;Response [200]&gt;.status_code</failure></testcase><testcase classname="backend.tests.test_empresa_role_restrictions.TestCambiosHistorialUI" name="test_cambios_historial_endpoint_exists" time="0.428" /><testcase classname="backend.tests.test_empresa_role_restrictions.TestCambiosHistorialUI" name="test_cambios_pendientes_endpoint_exists" time="0.070" /></testsuite></testsuites>