<?xml version="1.0" encoding="utf-8"?><testsuites name="pytest tests"><testsuite name="pytest" errors="0" failures="0" skipped="2" tests="11" time="16.145" timestamp="2026-01-31T16:27:05.542631+00:00" hostname="agent-env-67271242-1e3b-4c03-9571-1a1eebe20504"><testcase classname="backend.tests.test_websocket_historial.TestCambiosStatsEndpoint" name="test_stats_endpoint_returns_historial_fields" time="0.342" /><testcase classname="backend.tests.test_websocket_historial.TestCambiosStatsEndpoint" name="test_stats_endpoint_returns_pendientes_fields" time="0.040" /><testcase classname="backend.tests.test_websocket_historial.TestCambiosHistorialEndpoint" name="test_historial_endpoint_exists" time="1.388" /><testcase classname="backend.tests.test_websocket_historial.TestCambiosHistorialEndpoint" name="test_historial_returns_processed_changes" time="1.115" /><testcase classname="backend.tests.test_websocket_historial.TestCambiosHistorialEndpoint" name="test_historial_cambio_structure" time="1.114" /><testcase classname="backend.tests.test_websocket_historial.TestCambiosHistorialEndpoint" name="test_historial_with_limit_parameter" time="0.338" /><testcase classname="backend.tests.test_websocket_historial.TestCambiosHistorialEndpoint" name="test_historial_admin_access" time="1.130" /><testcase classname="backend.tests.test_websocket_historial.TestWebSocketEndpoint" name="test_websocket_endpoint_url_format" time="0.285" /><testcase classname="backend.tests.test_websocket_historial.TestWebSocketEndpoint" name="test_websocket_connection" time="5.001"><skipped type="pytest.skip" message="WebSocket connection not available in test environment">/app/backend/tests/test_websocket_historial.py:225: WebSocket connection not available in test environment</skipped></testcase><testcase classname="backend.tests.test_websocket_historial.TestWebSocketEndpoint" name="test_websocket_ping_pong" time="5.001"><skipped type="pytest.skip" message="WebSocket ping/pong not available in test environment">/app/backend/tests/test_websocket_historial.py:266: WebSocket ping/pong not available in test environment</skipped></testcase><testcase classname="backend.tests.test_websocket_historial.TestCambiosPendientesEndpoint" name="test_pendientes_endpoint_exists" time="0.320" /></testsuite></testsuites>