<?xml version="1.0" encoding="utf-8"?><testsuites name="pytest tests"><testsuite name="pytest" errors="0" failures="0" skipped="0" tests="7" time="2.582" timestamp="2026-02-13T20:30:34.652828+00:00" hostname="agent-env-f8e4f862-215f-42fc-9381-3e286c60ae6d"><testcase classname="backend.tests.test_propietarios_visibility.TestPropietariosVisibility" name="test_login_successful" time="0.452" /><testcase classname="backend.tests.test_propietarios_visibility.TestPropietariosVisibility" name="test_endpoint_predios_returns_propietarios" time="0.172" /><testcase classname="backend.tests.test_propietarios_visibility.TestPropietariosVisibility" name="test_busqueda_global_funciona" time="0.169" /><testcase classname="backend.tests.test_propietarios_visibility.TestPropietariosVisibility" name="test_busqueda_por_nombre_propietario" time="0.181" /><testcase classname="backend.tests.test_propietarios_visibility.TestPropietariosVisibility" name="test_endpoint_geometrias_devuelve_propietario" time="1.120" /><testcase classname="backend.tests.test_propietarios_visibility.TestPropietariosVisibility" name="test_predio_especifico_tiene_propietario" time="0.269" /><testcase classname="backend.tests.test_propietarios_visibility.TestPropietariosVisibility" name="test_estructura_respuesta_predios" time="0.156" /></testsuite></testsuites>