<?xml version="1.0" encoding="utf-8"?><testsuites name="pytest tests"><testsuite name="pytest" errors="0" failures="0" skipped="0" tests="7" time="0.441" timestamp="2026-03-09T16:38:40.472016+00:00" hostname="agent-env-ebfdb50d-8423-4a30-a31c-1a150b59ead3"><testcase classname="tests.test_resolucion_pdf_firma.TestResolucionPdfFirma" name="test_firma_file_exists" time="0.000" /><testcase classname="tests.test_resolucion_pdf_firma.TestResolucionPdfFirma" name="test_get_firma_dalgie_image_function" time="0.000" /><testcase classname="tests.test_resolucion_pdf_firma.TestResolucionPdfFirma" name="test_generate_resolucion_pdf_basic" time="0.091" /><testcase classname="tests.test_resolucion_pdf_firma.TestResolucionPdfFirma" name="test_pdf_contains_images" time="0.076" /><testcase classname="tests.test_resolucion_pdf_firma.TestResolucionPdfFirma" name="test_pdf_with_custom_firma_b64" time="0.075" /><testcase classname="tests.test_resolucion_pdf_firma.TestResolucionPdfFirma" name="test_pdf_generation_prints_firma_message" time="0.075" /><testcase classname="tests.test_resolucion_pdf_firma.TestResolucionPdfContent" name="test_pdf_has_multiple_pages_info" time="0.074" /></testsuite></testsuites>