<?xml version="1.0" encoding="utf-8"?><testsuites name="pytest tests"><testsuite name="pytest" errors="0" failures="8" skipped="0" tests="13" time="5.638" timestamp="2026-02-05T18:03:20.440699+00:00" hostname="agent-env-8728116c-70a3-4bd4-9cca-d48e954e2548"><testcase classname="backend.tests.test_r2_iteration34.TestAuthentication" name="test_01_backend_health" time="0.085"><failure message="assert 404 == 200&#10; +  where 404 = &lt;Response [404]&gt;.status_code">backend/tests/test_r2_iteration34.py:23: in test_01_backend_health
    assert response.status_code == 200
E   assert 404 == 200
E    +  where 404 = &lt;Response [404]&gt;.status_code</failure></testcase><testcase classname="backend.tests.test_r2_iteration34.TestAuthentication" name="test_02_coordinador_login" time="0.278" /><testcase classname="backend.tests.test_r2_iteration34.TestAuthentication" name="test_03_admin_login" time="0.319" /><testcase classname="backend.tests.test_r2_iteration34.TestPrediosAPI" name="test_04_get_predios_san_calixto" time="0.453" /><testcase classname="backend.tests.test_r2_iteration34.TestPrediosAPI" name="test_05_verify_predio_r2_structure" time="0.485" /><testcase classname="backend.tests.test_r2_iteration34.TestPrediosAPI" name="test_06_get_catalogos" time="0.354"><failure message="assert 404 == 200&#10; +  where 404 = &lt;Response [404]&gt;.status_code">backend/tests/test_r2_iteration34.py:115: in test_06_get_catalogos
    assert response.status_code == 200
E   assert 404 == 200
E    +  where 404 = &lt;Response [404]&gt;.status_code</failure></testcase><testcase classname="backend.tests.test_r2_iteration34.TestPrediosAPI" name="test_07_get_vigencias" time="0.676"><failure message="AssertionError: assert 'vigencias' in {'Bucarasica': [{'predios': 2, 'vigencia': '01312026'}, {'predios': 1680, 'vigencia': 2026}, {'predios': 1680, 'vigencia': 2025}, {'predios': 1673, 'vigencia': 2024}, {'predios': 1647, 'vigencia': 2023}], 'Convención': [{'predios': 5683, 'vigencia': 2026}, {'predios': 5683, 'vigencia': 2025}, {'predios': 5661, 'vigencia': 2024}, {'predios': 5645, 'vigencia': 2023}], 'Cáchira': [{'predios': 3806, 'vigencia': 2026}, {'predios': 1, 'vigencia': '02042026'}, {'predios': 3805, 'vigencia': 2025}, {'predios': 3775, 'vigencia': 2024}, {'predios': 3713, 'vigencia': 2023}], 'El Carmen': [{'predios': 4479, 'vigencia': 2026}, {'predios': 4479, 'vigencia': 2025}, {'predios': 4452, 'vigencia': 2024}, {'predios': 4486, 'vigencia': 2023}], ...}">backend/tests/test_r2_iteration34.py:126: in test_07_get_vigencias
    assert "vigencias" in data
E   AssertionError: assert 'vigencias' in {'Bucarasica': [{'predios': 2, 'vigencia': '01312026'}, {'predios': 1680, 'vigencia': 2026}, {'predios': 1680, 'vigencia': 2025}, {'predios': 1673, 'vigencia': 2024}, {'predios': 1647, 'vigencia': 2023}], 'Convención': [{'predios': 5683, 'vigencia': 2026}, {'predios': 5683, 'vigencia': 2025}, {'predios': 5661, 'vigencia': 2024}, {'predios': 5645, 'vigencia': 2023}], 'Cáchira': [{'predios': 3806, 'vigencia': 2026}, {'predios': 1, 'vigencia': '02042026'}, {'predios': 3805, 'vigencia': 2025}, {'predios': 3775, 'vigencia': 2024}, {'predios': 3713, 'vigencia': 2023}], 'El Carmen': [{'predios': 4479, 'vigencia': 2026}, {'predios': 4479, 'vigencia': 2025}, {'predios': 4452, 'vigencia': 2024}, {'predios': 4486, 'vigencia': 2023}], ...}</failure></testcase><testcase classname="backend.tests.test_r2_iteration34.TestExcelExport" name="test_08_export_excel_predios" time="0.478"><failure message="assert 404 == 200&#10; +  where 404 = &lt;Response [404]&gt;.status_code">backend/tests/test_r2_iteration34.py:149: in test_08_export_excel_predios
    assert response.status_code == 200
E   assert 404 == 200
E    +  where 404 = &lt;Response [404]&gt;.status_code</failure></testcase><testcase classname="backend.tests.test_r2_iteration34.TestExcelExport" name="test_09_export_excel_tramites" time="0.336"><failure message="assert 404 == 200&#10; +  where 404 = &lt;Response [404]&gt;.status_code">backend/tests/test_r2_iteration34.py:160: in test_09_export_excel_tramites
    assert response.status_code == 200
E   assert 404 == 200
E    +  where 404 = &lt;Response [404]&gt;.status_code</failure></testcase><testcase classname="backend.tests.test_r2_iteration34.TestPrediosStats" name="test_10_get_predios_stats" time="0.410"><failure message="assert 404 == 200&#10; +  where 404 = &lt;Response [404]&gt;.status_code">backend/tests/test_r2_iteration34.py:180: in test_10_get_predios_stats
    assert response.status_code == 200
E   assert 404 == 200
E    +  where 404 = &lt;Response [404]&gt;.status_code</failure></testcase><testcase classname="backend.tests.test_r2_iteration34.TestPrediosStats" name="test_11_get_municipios_stats" time="0.416"><failure message="assert 404 == 200&#10; +  where 404 = &lt;Response [404]&gt;.status_code">backend/tests/test_r2_iteration34.py:188: in test_11_get_municipios_stats
    assert response.status_code == 200
E   assert 404 == 200
E    +  where 404 = &lt;Response [404]&gt;.status_code</failure></testcase><testcase classname="backend.tests.test_r2_iteration34.TestPetitionsAPI" name="test_12_get_petitions" time="0.812" /><testcase classname="backend.tests.test_r2_iteration34.TestPetitionsAPI" name="test_13_get_gestores_disponibles" time="0.326"><failure message="assert 404 == 200&#10; +  where 404 = &lt;Response [404]&gt;.status_code">backend/tests/test_r2_iteration34.py:223: in test_13_get_gestores_disponibles
    assert response.status_code == 200
E   assert 404 == 200
E    +  where 404 = &lt;Response [404]&gt;.status_code</failure></testcase></testsuite></testsuites>