<?xml version="1.0" encoding="utf-8"?><testsuites name="pytest tests"><testsuite name="pytest" errors="0" failures="0" skipped="0" tests="15" time="19.715" timestamp="2026-02-25T04:00:52.550097+00:00" hostname="agent-env-ce0e0e46-9336-44e2-b96a-fa930af8b5db"><testcase classname="backend.tests.test_actualizacion_export_excel.TestActualizacionExportExcel" name="test_login_success" time="0.439" /><testcase classname="backend.tests.test_actualizacion_export_excel.TestActualizacionExportExcel" name="test_excel_has_three_sheets" time="11.851" /><testcase classname="backend.tests.test_actualizacion_export_excel.TestActualizacionExportExcel" name="test_r1_has_name_columns" time="0.000" /><testcase classname="backend.tests.test_actualizacion_export_excel.TestActualizacionExportExcel" name="test_r1_has_27_columns" time="0.000" /><testcase classname="backend.tests.test_actualizacion_export_excel.TestActualizacionExportExcel" name="test_r2_has_construction_columns" time="0.000" /><testcase classname="backend.tests.test_actualizacion_export_excel.TestActualizacionExportExcel" name="test_r2_has_41_columns" time="0.000" /><testcase classname="backend.tests.test_actualizacion_export_excel.TestActualizacionExportExcel" name="test_names_are_parsed_correctly" time="0.016" /><testcase classname="backend.tests.test_actualizacion_export_excel.TestActualizacionExportExcel" name="test_resumen_sheet_structure" time="0.000" /><testcase classname="backend.tests.test_actualizacion_export_excel.TestActualizacionExportExcel" name="test_r1_data_rows_have_name_values" time="0.012" /><testcase classname="backend.tests.test_actualizacion_export_excel.TestActualizacionExportExcel" name="test_r2_construction_columns_have_values" time="0.015" /><testcase classname="backend.tests.test_actualizacion_export_excel.TestActualizacionExportExcel" name="test_endpoint_returns_valid_excel" time="7.130" /><testcase classname="backend.tests.test_actualizacion_export_excel.TestParseNameFunction" name="test_parse_four_word_name" time="0.000" /><testcase classname="backend.tests.test_actualizacion_export_excel.TestParseNameFunction" name="test_parse_three_word_name" time="0.000" /><testcase classname="backend.tests.test_actualizacion_export_excel.TestParseNameFunction" name="test_parse_two_word_name" time="0.000" /><testcase classname="backend.tests.test_actualizacion_export_excel.TestParseNameFunction" name="test_parse_five_word_name" time="0.000" /></testsuite></testsuites>