<?xml version="1.0" encoding="utf-8"?><testsuites name="pytest tests"><testsuite name="pytest" errors="0" failures="0" skipped="3" tests="12" time="4.100" timestamp="2026-02-05T14:16:17.862607+00:00" hostname="agent-env-5939b6c6-f024-4036-8bf7-5b3198c7c30a"><testcase classname="backend.tests.test_predio_aprobacion_bug.TestPredioAprobacionBugFixes" name="test_01_coordinador_login" time="0.300" /><testcase classname="backend.tests.test_predio_aprobacion_bug.TestPredioAprobacionBugFixes" name="test_02_coordinador_can_see_predios_en_revision" time="0.041" /><testcase classname="backend.tests.test_predio_aprobacion_bug.TestPredioAprobacionBugFixes" name="test_03_get_predio_for_approval" time="0.042"><skipped type="pytest.skip" message="No predios in 'revision' state available for testing">/app/backend/tests/test_predio_aprobacion_bug.py:114: No predios in 'revision' state available for testing</skipped></testcase><testcase classname="backend.tests.test_predio_aprobacion_bug.TestPredioAprobacionBugFixes" name="test_04_coordinador_can_approve_predio" time="0.043"><skipped type="pytest.skip" message="No predios in 'revision' state to approve">/app/backend/tests/test_predio_aprobacion_bug.py:133: No predios in 'revision' state to approve</skipped></testcase><testcase classname="backend.tests.test_predio_aprobacion_bug.TestPredioAprobacionBugFixes" name="test_05_approved_predio_appears_in_gestion_predios" time="0.037"><skipped type="pytest.skip" message="No predios in 'revision' state to test">/app/backend/tests/test_predio_aprobacion_bug.py:177: No predios in 'revision' state to test</skipped></testcase><testcase classname="backend.tests.test_predio_aprobacion_bug.TestPredioAprobacionBugFixes" name="test_06_vigencia_is_integer_not_iso_date" time="0.464" /><testcase classname="backend.tests.test_predio_aprobacion_bug.TestPredioAprobacionBugFixes" name="test_07_approved_predio_has_historial" time="0.296" /><testcase classname="backend.tests.test_predio_aprobacion_bug.TestPredioAprobacionBugFixes" name="test_08_excel_export_includes_approved_predios" time="2.090" /><testcase classname="backend.tests.test_predio_aprobacion_bug.TestCoordinadorPermissions" name="test_coordinador_role_check" time="0.295" /><testcase classname="backend.tests.test_predio_aprobacion_bug.TestCoordinadorPermissions" name="test_coordinador_can_access_predios_nuevos" time="0.038" /><testcase classname="backend.tests.test_predio_aprobacion_bug.TestPrediosNuevosEndpoints" name="test_list_predios_nuevos" time="0.296" /><testcase classname="backend.tests.test_predio_aprobacion_bug.TestPrediosNuevosEndpoints" name="test_predios_nuevos_pendientes" time="0.039" /></testsuite></testsuites>